# JRE version: OpenJDK Runtime Environment (17.0.9) (build 17.0.9+0--11185874)
# Java VM: OpenJDK 64-Bit Server VM (17.0.9+0--11185874, mixed mode, tiered, compressed oops, compressed class ptrs, g1 gc, windows-amd64)
GC Precious Log:
 CPUs: 16 total, 16 available
 Memory: 7549M
 Large Page Support: Disabled
 NUMA Support: Disabled
 Compressed Oops: Enabled (32-bit)
 Heap Region Size: 1M
 Heap Min Capacity: 8M
 Heap Initial Capacity: 118M
 Heap Max Capacity: 1888M
 Pre-touch: Disabled
 Parallel Workers: 13
 Concurrent Workers: 3
 Concurrent Refinement Workers: 13
 Periodic GC: Disabled
Heap:
 garbage-first heap   total 137216K, used 74132K [0x000000008a000000, 0x0000000100000000)
  region size 1024K, 14 young (14336K), 1 survivors (1024K)
 Metaspace       used 63554K, committed 63808K, reserved 1114112K
  class space    used 7229K, committed 7360K, reserved 1048576K
GC Heap History (20 events):
Event: 12.897 GC heap before
{Heap before GC invocations=18 (full 0):
 garbage-first heap   total 67584K, used 50492K [0x000000008a000000, 0x0000000100000000)
  region size 1024K, 18 young (18432K), 3 survivors (3072K)
 Metaspace       used 54433K, committed 54656K, reserved 1114112K
  class space    used 6478K, committed 6592K, reserved 1048576K
}
Event: 12.909 GC heap after
{Heap after GC invocations=19 (full 0):
 garbage-first heap   total 67584K, used 37521K [0x000000008a000000, 0x0000000100000000)
  region size 1024K, 3 young (3072K), 3 survivors (3072K)
 Metaspace       used 54433K, committed 54656K, reserved 1114112K
  class space    used 6478K, committed 6592K, reserved 1048576K
}
Event: 14.675 GC heap before
{Heap before GC invocations=20 (full 0):
 garbage-first heap   total 67584K, used 51857K [0x000000008a000000, 0x0000000100000000)
  region size 1024K, 17 young (17408K), 3 survivors (3072K)
 Metaspace       used 56011K, committed 56256K, reserved 1114112K
  class space    used 6628K, committed 6720K, reserved 1048576K
}
Event: 14.692 GC heap after
{Heap after GC invocations=21 (full 0):
 garbage-first heap   total 67584K, used 40756K [0x000000008a000000, 0x0000000100000000)
  region size 1024K, 3 young (3072K), 3 survivors (3072K)
 Metaspace       used 56011K, committed 56256K, reserved 1114112K
  class space    used 6628K, committed 6720K, reserved 1048576K
}
Event: 15.558 GC heap before
{Heap before GC invocations=21 (full 0):
 garbage-first heap   total 67584K, used 53044K [0x000000008a000000, 0x0000000100000000)
  region size 1024K, 15 young (15360K), 3 survivors (3072K)
 Metaspace       used 57140K, committed 57344K, reserved 1114112K
  class space    used 6752K, committed 6848K, reserved 1048576K
}
Event: 15.576 GC heap after
{Heap after GC invocations=22 (full 0):
 garbage-first heap   total 67584K, used 43008K [0x000000008a000000, 0x0000000100000000)
  region size 1024K, 2 young (2048K), 2 survivors (2048K)
 Metaspace       used 57140K, committed 57344K, reserved 1114112K
  class space    used 6752K, committed 6848K, reserved 1048576K
}
Event: 16.501 GC heap before
{Heap before GC invocations=23 (full 0):
 garbage-first heap   total 73728K, used 54272K [0x000000008a000000, 0x0000000100000000)
  region size 1024K, 13 young (13312K), 2 survivors (2048K)
 Metaspace       used 57557K, committed 57792K, reserved 1114112K
  class space    used 6768K, committed 6848K, reserved 1048576K
}
Event: 16.517 GC heap after
{Heap after GC invocations=24 (full 0):
 garbage-first heap   total 73728K, used 45351K [0x000000008a000000, 0x0000000100000000)
  region size 1024K, 2 young (2048K), 2 survivors (2048K)
 Metaspace       used 57557K, committed 57792K, reserved 1114112K
  class space    used 6768K, committed 6848K, reserved 1048576K
}
Event: 16.600 GC heap before
{Heap before GC invocations=24 (full 0):
 garbage-first heap   total 73728K, used 46375K [0x000000008a000000, 0x0000000100000000)
  region size 1024K, 3 young (3072K), 2 survivors (2048K)
 Metaspace       used 57568K, committed 57792K, reserved 1114112K
  class space    used 6768K, committed 6848K, reserved 1048576K
}
Event: 16.607 GC heap after
{Heap after GC invocations=25 (full 0):
 garbage-first heap   total 107520K, used 44906K [0x000000008a000000, 0x0000000100000000)
  region size 1024K, 1 young (1024K), 1 survivors (1024K)
 Metaspace       used 57568K, committed 57792K, reserved 1114112K
  class space    used 6768K, committed 6848K, reserved 1048576K
}
Event: 17.976 GC heap before
{Heap before GC invocations=25 (full 0):
 garbage-first heap   total 107520K, used 80746K [0x000000008a000000, 0x0000000100000000)
  region size 1024K, 36 young (36864K), 1 survivors (1024K)
 Metaspace       used 57771K, committed 57984K, reserved 1114112K
  class space    used 6780K, committed 6848K, reserved 1048576K
}
Event: 17.999 GC heap after
{Heap after GC invocations=26 (full 0):
 garbage-first heap   total 107520K, used 50819K [0x000000008a000000, 0x0000000100000000)
  region size 1024K, 5 young (5120K), 5 survivors (5120K)
 Metaspace       used 57771K, committed 57984K, reserved 1114112K
  class space    used 6780K, committed 6848K, reserved 1048576K
}
Event: 19.588 GC heap before
{Heap before GC invocations=26 (full 0):
 garbage-first heap   total 107520K, used 80515K [0x000000008a000000, 0x0000000100000000)
  region size 1024K, 34 young (34816K), 5 survivors (5120K)
 Metaspace       used 59089K, committed 59328K, reserved 1114112K
  class space    used 6884K, committed 6976K, reserved 1048576K
}
Event: 19.614 GC heap after
{Heap after GC invocations=27 (full 0):
 garbage-first heap   total 107520K, used 54448K [0x000000008a000000, 0x0000000100000000)
  region size 1024K, 4 young (4096K), 4 survivors (4096K)
 Metaspace       used 59089K, committed 59328K, reserved 1114112K
  class space    used 6884K, committed 6976K, reserved 1048576K
}
Event: 22.561 GC heap before
{Heap before GC invocations=27 (full 0):
 garbage-first heap   total 107520K, used 82096K [0x000000008a000000, 0x0000000100000000)
  region size 1024K, 31 young (31744K), 4 survivors (4096K)
 Metaspace       used 61688K, committed 61888K, reserved 1114112K
  class space    used 7083K, committed 7168K, reserved 1048576K
}
Event: 22.582 GC heap after
{Heap after GC invocations=28 (full 0):
 garbage-first heap   total 107520K, used 56451K [0x000000008a000000, 0x0000000100000000)
  region size 1024K, 3 young (3072K), 3 survivors (3072K)
 Metaspace       used 61688K, committed 61888K, reserved 1114112K
  class space    used 7083K, committed 7168K, reserved 1048576K
}
Event: 25.937 GC heap before
{Heap before GC invocations=29 (full 0):
 garbage-first heap   total 107520K, used 86147K [0x000000008a000000, 0x0000000100000000)
  region size 1024K, 30 young (30720K), 3 survivors (3072K)
 Metaspace       used 62955K, committed 63168K, reserved 1114112K
  class space    used 7145K, committed 7232K, reserved 1048576K
}
Event: 25.962 GC heap after
{Heap after GC invocations=30 (full 0):
 garbage-first heap   total 137216K, used 61394K [0x000000008a000000, 0x0000000100000000)
  region size 1024K, 4 young (4096K), 4 survivors (4096K)
 Metaspace       used 62955K, committed 63168K, reserved 1114112K
  class space    used 7145K, committed 7232K, reserved 1048576K
}
Event: 26.156 GC heap before
{Heap before GC invocations=30 (full 0):
 garbage-first heap   total 137216K, used 63442K [0x000000008a000000, 0x0000000100000000)
  region size 1024K, 6 young (6144K), 4 survivors (4096K)
 Metaspace       used 63197K, committed 63424K, reserved 1114112K
  class space    used 7202K, committed 7296K, reserved 1048576K
}
Event: 26.175 GC heap after
{Heap after GC invocations=31 (full 0):
 garbage-first heap   total 137216K, used 61844K [0x000000008a000000, 0x0000000100000000)
  region size 1024K, 1 young (1024K), 1 survivors (1024K)
 Metaspace       used 63197K, committed 63424K, reserved 1114112K
  class space    used 7202K, committed 7296K, reserved 1048576K
}

