# JRE version: OpenJDK Runtime Environment (17.0.9) (build 17.0.9+0--11185874)
# Java VM: OpenJDK 64-Bit Server VM (17.0.9+0--11185874, mixed mode, tiered, compressed oops, compressed class ptrs, g1 gc, windows-amd64)
GC Precious Log:
 CPUs: 16 total, 16 available
 Memory: 7549M
 Large Page Support: Disabled
 NUMA Support: Disabled
 Compressed Oops: Enabled (32-bit)
 Heap Region Size: 1M
 Heap Min Capacity: 8M
 Heap Initial Capacity: 118M
 Heap Max Capacity: 1888M
 Pre-touch: Disabled
 Parallel Workers: 13
 Concurrent Workers: 3
 Concurrent Refinement Workers: 13
 Periodic GC: Disabled
Heap:
 garbage-first heap   total 251904K, used 105472K [0x000000008a000000, 0x0000000100000000)
  region size 1024K, 3 young (3072K), 3 survivors (3072K)
 Metaspace       used 73592K, committed 73856K, reserved 1179648K
  class space    used 8058K, committed 8192K, reserved 1048576K
GC Heap History (20 events):
Event: 35.579 GC heap after
{Heap after GC invocations=32 (full 0):
 garbage-first heap   total 215040K, used 63658K [0x000000008a000000, 0x0000000100000000)
  region size 1024K, 3 young (3072K), 3 survivors (3072K)
 Metaspace       used 58089K, committed 58304K, reserved 1114112K
  class space    used 6767K, committed 6848K, reserved 1048576K
}
Event: 37.232 GC heap before
{Heap before GC invocations=32 (full 0):
 garbage-first heap   total 215040K, used 70826K [0x000000008a000000, 0x0000000100000000)
  region size 1024K, 10 young (10240K), 3 survivors (3072K)
 Metaspace       used 59196K, committed 59456K, reserved 1114112K
  class space    used 6885K, committed 6976K, reserved 1048576K
}
Event: 37.261 GC heap after
{Heap after GC invocations=33 (full 0):
 garbage-first heap   total 215040K, used 63668K [0x000000008a000000, 0x0000000100000000)
  region size 1024K, 2 young (2048K), 2 survivors (2048K)
 Metaspace       used 59196K, committed 59456K, reserved 1114112K
  class space    used 6885K, committed 6976K, reserved 1048576K
}
Event: 58.032 GC heap before
{Heap before GC invocations=33 (full 0):
 garbage-first heap   total 215040K, used 152756K [0x000000008a000000, 0x0000000100000000)
  region size 1024K, 86 young (88064K), 2 survivors (2048K)
 Metaspace       used 64098K, committed 64384K, reserved 1114112K
  class space    used 7290K, committed 7424K, reserved 1048576K
}
Event: 58.073 GC heap after
{Heap after GC invocations=34 (full 0):
 garbage-first heap   total 215040K, used 76352K [0x000000008a000000, 0x0000000100000000)
  region size 1024K, 11 young (11264K), 11 survivors (11264K)
 Metaspace       used 64098K, committed 64384K, reserved 1114112K
  class space    used 7290K, committed 7424K, reserved 1048576K
}
Event: 64.884 GC heap before
{Heap before GC invocations=34 (full 0):
 garbage-first heap   total 215040K, used 137792K [0x000000008a000000, 0x0000000100000000)
  region size 1024K, 71 young (72704K), 11 survivors (11264K)
 Metaspace       used 64797K, committed 65024K, reserved 1114112K
  class space    used 7326K, committed 7424K, reserved 1048576K
}
Event: 65.017 GC heap after
{Heap after GC invocations=35 (full 0):
 garbage-first heap   total 215040K, used 82248K [0x000000008a000000, 0x0000000100000000)
  region size 1024K, 6 young (6144K), 6 survivors (6144K)
 Metaspace       used 64797K, committed 65024K, reserved 1114112K
  class space    used 7326K, committed 7424K, reserved 1048576K
}
Event: 74.589 GC heap before
{Heap before GC invocations=35 (full 0):
 garbage-first heap   total 215040K, used 160072K [0x000000008a000000, 0x0000000100000000)
  region size 1024K, 82 young (83968K), 6 survivors (6144K)
 Metaspace       used 65404K, committed 65664K, reserved 1114112K
  class space    used 7332K, committed 7424K, reserved 1048576K
}
Event: 75.248 GC heap after
{Heap after GC invocations=36 (full 0):
 garbage-first heap   total 215040K, used 87114K [0x000000008a000000, 0x0000000100000000)
  region size 1024K, 11 young (11264K), 11 survivors (11264K)
 Metaspace       used 65404K, committed 65664K, reserved 1114112K
  class space    used 7332K, committed 7424K, reserved 1048576K
}
Event: 75.729 GC heap before
{Heap before GC invocations=36 (full 0):
 garbage-first heap   total 215040K, used 88138K [0x000000008a000000, 0x0000000100000000)
  region size 1024K, 12 young (12288K), 11 survivors (11264K)
 Metaspace       used 65410K, committed 65664K, reserved 1114112K
  class space    used 7332K, committed 7424K, reserved 1048576K
}
Event: 76.055 GC heap after
{Heap after GC invocations=37 (full 0):
 garbage-first heap   total 215040K, used 88539K [0x000000008a000000, 0x0000000100000000)
  region size 1024K, 2 young (2048K), 2 survivors (2048K)
 Metaspace       used 65410K, committed 65664K, reserved 1114112K
  class space    used 7332K, committed 7424K, reserved 1048576K
}
Event: 77.538 GC heap before
{Heap before GC invocations=37 (full 0):
 garbage-first heap   total 215040K, used 96731K [0x000000008a000000, 0x0000000100000000)
  region size 1024K, 10 young (10240K), 2 survivors (2048K)
 Metaspace       used 65700K, committed 66048K, reserved 1114112K
  class space    used 7362K, committed 7552K, reserved 1048576K
}
Event: 77.547 GC heap after
{Heap after GC invocations=38 (full 0):
 garbage-first heap   total 215040K, used 88133K [0x000000008a000000, 0x0000000100000000)
  region size 1024K, 2 young (2048K), 2 survivors (2048K)
 Metaspace       used 65700K, committed 66048K, reserved 1114112K
  class space    used 7362K, committed 7552K, reserved 1048576K
}
Event: 79.089 GC heap before
{Heap before GC invocations=38 (full 0):
 garbage-first heap   total 215040K, used 111685K [0x000000008a000000, 0x0000000100000000)
  region size 1024K, 25 young (25600K), 2 survivors (2048K)
 Metaspace       used 66033K, committed 66368K, reserved 1114112K
  class space    used 7375K, committed 7552K, reserved 1048576K
}
Event: 79.102 GC heap after
{Heap after GC invocations=39 (full 0):
 garbage-first heap   total 215040K, used 88305K [0x000000008a000000, 0x0000000100000000)
  region size 1024K, 2 young (2048K), 2 survivors (2048K)
 Metaspace       used 66033K, committed 66368K, reserved 1114112K
  class space    used 7375K, committed 7552K, reserved 1048576K
}
Event: 85.800 GC heap before
{Heap before GC invocations=39 (full 0):
 garbage-first heap   total 215040K, used 139505K [0x000000008a000000, 0x0000000100000000)
  region size 1024K, 52 young (53248K), 2 survivors (2048K)
 Metaspace       used 72382K, committed 72704K, reserved 1114112K
  class space    used 7950K, committed 8128K, reserved 1048576K
}
Event: 85.836 GC heap after
{Heap after GC invocations=40 (full 0):
 garbage-first heap   total 215040K, used 91770K [0x000000008a000000, 0x0000000100000000)
  region size 1024K, 5 young (5120K), 5 survivors (5120K)
 Metaspace       used 72382K, committed 72704K, reserved 1114112K
  class space    used 7950K, committed 8128K, reserved 1048576K
}
Event: 88.265 GC heap before
{Heap before GC invocations=40 (full 0):
 garbage-first heap   total 215040K, used 148090K [0x000000008a000000, 0x0000000100000000)
  region size 1024K, 60 young (61440K), 5 survivors (5120K)
 Metaspace       used 73217K, committed 73536K, reserved 1179648K
  class space    used 8015K, committed 8192K, reserved 1048576K
}
Event: 88.473 GC heap after
{Heap after GC invocations=41 (full 0):
 garbage-first heap   total 215040K, used 101493K [0x000000008a000000, 0x0000000100000000)
  region size 1024K, 8 young (8192K), 8 survivors (8192K)
 Metaspace       used 73217K, committed 73536K, reserved 1179648K
  class space    used 8015K, committed 8192K, reserved 1048576K
}
Event: 88.776 GC heap before
{Heap before GC invocations=41 (full 0):
 garbage-first heap   total 215040K, used 112757K [0x000000008a000000, 0x0000000100000000)
  region size 1024K, 19 young (19456K), 8 survivors (8192K)
 Metaspace       used 73592K, committed 73856K, reserved 1179648K
  class space    used 8058K, committed 8192K, reserved 1048576K
}

