# JRE version: OpenJDK Runtime Environment (17.0.9) (build 17.0.9+0--11185874)
# Java VM: OpenJDK 64-Bit Server VM (17.0.9+0--11185874, mixed mode, tiered, compressed oops, compressed class ptrs, g1 gc, windows-amd64)
GC Precious Log:
 CPUs: 16 total, 16 available
 Memory: 7549M
 Large Page Support: Disabled
 NUMA Support: Disabled
 Compressed Oops: Enabled (32-bit)
 Heap Region Size: 1M
 Heap Min Capacity: 8M
 Heap Initial Capacity: 118M
 Heap Max Capacity: 1888M
 Pre-touch: Disabled
 Parallel Workers: 13
 Concurrent Workers: 3
 Concurrent Refinement Workers: 13
 Periodic GC: Disabled
Heap:
 garbage-first heap   total 121856K, used 47642K [0x000000008a000000, 0x0000000100000000)
  region size 1024K, 1 young (1024K), 1 survivors (1024K)
 Metaspace       used 60374K, committed 60608K, reserved 1114112K
  class space    used 7081K, committed 7168K, reserved 1048576K
GC Heap History (20 events):
Event: 11.340 GC heap after
{Heap after GC invocations=15 (full 0):
 garbage-first heap   total 67584K, used 30102K [0x000000008a000000, 0x0000000100000000)
  region size 1024K, 4 young (4096K), 4 survivors (4096K)
 Metaspace       used 52136K, committed 52352K, reserved 1114112K
  class space    used 6336K, committed 6400K, reserved 1048576K
}
Event: 14.829 GC heap before
{Heap before GC invocations=15 (full 0):
 garbage-first heap   total 67584K, used 51606K [0x000000008a000000, 0x0000000100000000)
  region size 1024K, 25 young (25600K), 4 survivors (4096K)
 Metaspace       used 54597K, committed 54848K, reserved 1114112K
  class space    used 6553K, committed 6656K, reserved 1048576K
}
Event: 14.852 GC heap after
{Heap after GC invocations=16 (full 0):
 garbage-first heap   total 67584K, used 34289K [0x000000008a000000, 0x0000000100000000)
  region size 1024K, 4 young (4096K), 4 survivors (4096K)
 Metaspace       used 54597K, committed 54848K, reserved 1114112K
  class space    used 6553K, committed 6656K, reserved 1048576K
}
Event: 16.510 GC heap before
{Heap before GC invocations=16 (full 0):
 garbage-first heap   total 67584K, used 51697K [0x000000008a000000, 0x0000000100000000)
  region size 1024K, 21 young (21504K), 4 survivors (4096K)
 Metaspace       used 54828K, committed 55040K, reserved 1114112K
  class space    used 6558K, committed 6656K, reserved 1048576K
}
Event: 16.534 GC heap after
{Heap after GC invocations=17 (full 0):
 garbage-first heap   total 67584K, used 37522K [0x000000008a000000, 0x0000000100000000)
  region size 1024K, 3 young (3072K), 3 survivors (3072K)
 Metaspace       used 54828K, committed 55040K, reserved 1114112K
  class space    used 6558K, committed 6656K, reserved 1048576K
}
Event: 17.849 GC heap before
{Heap before GC invocations=18 (full 0):
 garbage-first heap   total 67584K, used 52882K [0x000000008a000000, 0x0000000100000000)
  region size 1024K, 18 young (18432K), 3 survivors (3072K)
 Metaspace       used 55067K, committed 55296K, reserved 1114112K
  class space    used 6589K, committed 6656K, reserved 1048576K
}
Event: 17.872 GC heap after
{Heap after GC invocations=19 (full 0):
 garbage-first heap   total 67584K, used 40960K [0x000000008a000000, 0x0000000100000000)
  region size 1024K, 3 young (3072K), 3 survivors (3072K)
 Metaspace       used 55067K, committed 55296K, reserved 1114112K
  class space    used 6589K, committed 6656K, reserved 1048576K
}
Event: 18.946 GC heap before
{Heap before GC invocations=19 (full 0):
 garbage-first heap   total 67584K, used 53248K [0x000000008a000000, 0x0000000100000000)
  region size 1024K, 15 young (15360K), 3 survivors (3072K)
 Metaspace       used 55407K, committed 55616K, reserved 1114112K
  class space    used 6623K, committed 6720K, reserved 1048576K
}
Event: 18.961 GC heap after
{Heap after GC invocations=20 (full 0):
 garbage-first heap   total 81920K, used 43221K [0x000000008a000000, 0x0000000100000000)
  region size 1024K, 2 young (2048K), 2 survivors (2048K)
 Metaspace       used 55407K, committed 55616K, reserved 1114112K
  class space    used 6623K, committed 6720K, reserved 1048576K
}
Event: 22.511 GC heap before
{Heap before GC invocations=21 (full 0):
 garbage-first heap   total 81920K, used 63701K [0x000000008a000000, 0x0000000100000000)
  region size 1024K, 22 young (22528K), 2 survivors (2048K)
 Metaspace       used 57142K, committed 57344K, reserved 1114112K
  class space    used 6812K, committed 6912K, reserved 1048576K
}
Event: 22.526 GC heap after
{Heap after GC invocations=22 (full 0):
 garbage-first heap   total 81920K, used 44825K [0x000000008a000000, 0x0000000100000000)
  region size 1024K, 2 young (2048K), 2 survivors (2048K)
 Metaspace       used 57142K, committed 57344K, reserved 1114112K
  class space    used 6812K, committed 6912K, reserved 1048576K
}
Event: 22.780 GC heap before
{Heap before GC invocations=22 (full 0):
 garbage-first heap   total 81920K, used 45849K [0x000000008a000000, 0x0000000100000000)
  region size 1024K, 4 young (4096K), 2 survivors (2048K)
 Metaspace       used 57198K, committed 57408K, reserved 1114112K
  class space    used 6816K, committed 6912K, reserved 1048576K
}
Event: 22.790 GC heap after
{Heap after GC invocations=23 (full 0):
 garbage-first heap   total 81920K, used 45224K [0x000000008a000000, 0x0000000100000000)
  region size 1024K, 1 young (1024K), 1 survivors (1024K)
 Metaspace       used 57198K, committed 57408K, reserved 1114112K
  class space    used 6816K, committed 6912K, reserved 1048576K
}
Event: 27.021 GC heap before
{Heap before GC invocations=23 (full 0):
 garbage-first heap   total 81920K, used 64680K [0x000000008a000000, 0x0000000100000000)
  region size 1024K, 20 young (20480K), 1 survivors (1024K)
 Metaspace       used 59719K, committed 59968K, reserved 1114112K
  class space    used 7070K, committed 7168K, reserved 1048576K
}
Event: 27.759 GC heap after
{Heap after GC invocations=24 (full 0):
 garbage-first heap   total 81920K, used 47128K [0x000000008a000000, 0x0000000100000000)
  region size 1024K, 3 young (3072K), 3 survivors (3072K)
 Metaspace       used 59719K, committed 59968K, reserved 1114112K
  class space    used 7070K, committed 7168K, reserved 1048576K
}
Event: 28.176 GC heap before
{Heap before GC invocations=25 (full 0):
 garbage-first heap   total 81920K, used 48152K [0x000000008a000000, 0x0000000100000000)
  region size 1024K, 4 young (4096K), 3 survivors (3072K)
 Metaspace       used 59758K, committed 59968K, reserved 1114112K
  class space    used 7072K, committed 7168K, reserved 1048576K
}
Event: 28.380 GC heap after
{Heap after GC invocations=26 (full 0):
 garbage-first heap   total 81920K, used 47534K [0x000000008a000000, 0x0000000100000000)
  region size 1024K, 1 young (1024K), 1 survivors (1024K)
 Metaspace       used 59758K, committed 59968K, reserved 1114112K
  class space    used 7072K, committed 7168K, reserved 1048576K
}
Event: 29.641 GC heap before
{Heap before GC invocations=26 (full 0):
 garbage-first heap   total 81920K, used 50606K [0x000000008a000000, 0x0000000100000000)
  region size 1024K, 4 young (4096K), 1 survivors (1024K)
 Metaspace       used 59910K, committed 60096K, reserved 1114112K
  class space    used 7074K, committed 7168K, reserved 1048576K
}
Event: 29.754 GC heap after
{Heap after GC invocations=27 (full 0):
 garbage-first heap   total 81920K, used 47473K [0x000000008a000000, 0x0000000100000000)
  region size 1024K, 1 young (1024K), 1 survivors (1024K)
 Metaspace       used 59910K, committed 60096K, reserved 1114112K
  class space    used 7074K, committed 7168K, reserved 1048576K
}
Event: 30.804 GC heap before
{Heap before GC invocations=27 (full 0):
 garbage-first heap   total 81920K, used 50545K [0x000000008a000000, 0x0000000100000000)
  region size 1024K, 4 young (4096K), 1 survivors (1024K)
 Metaspace       used 60374K, committed 60608K, reserved 1114112K
  class space    used 7081K, committed 7168K, reserved 1048576K
}

