# JRE version: OpenJDK Runtime Environment (17.0.9) (build 17.0.9+0--11185874)
# Java VM: OpenJDK 64-Bit Server VM (17.0.9+0--11185874, mixed mode, tiered, compressed oops, compressed class ptrs, g1 gc, windows-amd64)
GC Precious Log:
 CPUs: 16 total, 16 available
 Memory: 7549M
 Large Page Support: Disabled
 NUMA Support: Disabled
 Compressed Oops: Enabled (32-bit)
 Heap Region Size: 1M
 Heap Min Capacity: 8M
 Heap Initial Capacity: 118M
 Heap Max Capacity: 1888M
 Pre-touch: Disabled
 Parallel Workers: 13
 Concurrent Workers: 3
 Concurrent Refinement Workers: 13
 Periodic GC: Disabled
Heap:
 garbage-first heap   total 121856K, used 52349K [0x000000008a000000, 0x0000000100000000)
  region size 1024K, 3 young (3072K), 3 survivors (3072K)
 Metaspace       used 61546K, committed 61760K, reserved 1114112K
  class space    used 7140K, committed 7232K, reserved 1048576K
GC Heap History (20 events):
Event: 12.105 GC heap after
{Heap after GC invocations=18 (full 0):
 garbage-first heap   total 66560K, used 34024K [0x000000008a000000, 0x0000000100000000)
  region size 1024K, 3 young (3072K), 3 survivors (3072K)
 Metaspace       used 54202K, committed 54464K, reserved 1114112K
  class space    used 6550K, committed 6656K, reserved 1048576K
}
Event: 12.676 GC heap before
{Heap before GC invocations=18 (full 0):
 garbage-first heap   total 66560K, used 51432K [0x000000008a000000, 0x0000000100000000)
  region size 1024K, 20 young (20480K), 3 survivors (3072K)
 Metaspace       used 54632K, committed 54848K, reserved 1114112K
  class space    used 6555K, committed 6656K, reserved 1048576K
}
Event: 12.694 GC heap after
{Heap after GC invocations=19 (full 0):
 garbage-first heap   total 66560K, used 37407K [0x000000008a000000, 0x0000000100000000)
  region size 1024K, 3 young (3072K), 3 survivors (3072K)
 Metaspace       used 54632K, committed 54848K, reserved 1114112K
  class space    used 6555K, committed 6656K, reserved 1048576K
}
Event: 14.133 GC heap before
{Heap before GC invocations=20 (full 0):
 garbage-first heap   total 66560K, used 51743K [0x000000008a000000, 0x0000000100000000)
  region size 1024K, 17 young (17408K), 3 survivors (3072K)
 Metaspace       used 54929K, committed 55168K, reserved 1114112K
  class space    used 6575K, committed 6656K, reserved 1048576K
}
Event: 14.154 GC heap after
{Heap after GC invocations=21 (full 0):
 garbage-first heap   total 66560K, used 40309K [0x000000008a000000, 0x0000000100000000)
  region size 1024K, 3 young (3072K), 3 survivors (3072K)
 Metaspace       used 54929K, committed 55168K, reserved 1114112K
  class space    used 6575K, committed 6656K, reserved 1048576K
}
Event: 14.271 GC heap before
{Heap before GC invocations=21 (full 0):
 garbage-first heap   total 66560K, used 41333K [0x000000008a000000, 0x0000000100000000)
  region size 1024K, 4 young (4096K), 3 survivors (3072K)
 Metaspace       used 54939K, committed 55168K, reserved 1114112K
  class space    used 6575K, committed 6656K, reserved 1048576K
}
Event: 14.341 GC heap after
{Heap after GC invocations=22 (full 0):
 garbage-first heap   total 79872K, used 40210K [0x000000008a000000, 0x0000000100000000)
  region size 1024K, 1 young (1024K), 1 survivors (1024K)
 Metaspace       used 54939K, committed 55168K, reserved 1114112K
  class space    used 6575K, committed 6656K, reserved 1048576K
}
Event: 15.297 GC heap before
{Heap before GC invocations=22 (full 0):
 garbage-first heap   total 79872K, used 61714K [0x000000008a000000, 0x0000000100000000)
  region size 1024K, 22 young (22528K), 1 survivors (1024K)
 Metaspace       used 55382K, committed 55616K, reserved 1114112K
  class space    used 6623K, committed 6720K, reserved 1048576K
}
Event: 15.316 GC heap after
{Heap after GC invocations=23 (full 0):
 garbage-first heap   total 79872K, used 43430K [0x000000008a000000, 0x0000000100000000)
  region size 1024K, 3 young (3072K), 3 survivors (3072K)
 Metaspace       used 55382K, committed 55616K, reserved 1114112K
  class space    used 6623K, committed 6720K, reserved 1048576K
}
Event: 18.581 GC heap before
{Heap before GC invocations=24 (full 0):
 garbage-first heap   total 79872K, used 61862K [0x000000008a000000, 0x0000000100000000)
  region size 1024K, 21 young (21504K), 3 survivors (3072K)
 Metaspace       used 56995K, committed 57216K, reserved 1114112K
  class space    used 6796K, committed 6912K, reserved 1048576K
}
Event: 18.707 GC heap after
{Heap after GC invocations=25 (full 0):
 garbage-first heap   total 79872K, used 45232K [0x000000008a000000, 0x0000000100000000)
  region size 1024K, 2 young (2048K), 2 survivors (2048K)
 Metaspace       used 56995K, committed 57216K, reserved 1114112K
  class space    used 6796K, committed 6912K, reserved 1048576K
}
Event: 18.892 GC heap before
{Heap before GC invocations=25 (full 0):
 garbage-first heap   total 79872K, used 46256K [0x000000008a000000, 0x0000000100000000)
  region size 1024K, 3 young (3072K), 2 survivors (2048K)
 Metaspace       used 57137K, committed 57344K, reserved 1114112K
  class space    used 6813K, committed 6912K, reserved 1048576K
}
Event: 18.902 GC heap after
{Heap after GC invocations=26 (full 0):
 garbage-first heap   total 79872K, used 45013K [0x000000008a000000, 0x0000000100000000)
  region size 1024K, 1 young (1024K), 1 survivors (1024K)
 Metaspace       used 57137K, committed 57344K, reserved 1114112K
  class space    used 6813K, committed 6912K, reserved 1048576K
}
Event: 21.204 GC heap before
{Heap before GC invocations=26 (full 0):
 garbage-first heap   total 79872K, used 63445K [0x000000008a000000, 0x0000000100000000)
  region size 1024K, 19 young (19456K), 1 survivors (1024K)
 Metaspace       used 59430K, committed 59712K, reserved 1114112K
  class space    used 7051K, committed 7168K, reserved 1048576K
}
Event: 21.217 GC heap after
{Heap after GC invocations=27 (full 0):
 garbage-first heap   total 79872K, used 47089K [0x000000008a000000, 0x0000000100000000)
  region size 1024K, 3 young (3072K), 3 survivors (3072K)
 Metaspace       used 59430K, committed 59712K, reserved 1114112K
  class space    used 7051K, committed 7168K, reserved 1048576K
}
Event: 22.454 GC heap before
{Heap before GC invocations=28 (full 0):
 garbage-first heap   total 81920K, used 63473K [0x000000008a000000, 0x0000000100000000)
  region size 1024K, 19 young (19456K), 3 survivors (3072K)
 Metaspace       used 61034K, committed 61312K, reserved 1114112K
  class space    used 7126K, committed 7232K, reserved 1048576K
}
Event: 22.466 GC heap after
{Heap after GC invocations=29 (full 0):
 garbage-first heap   total 81920K, used 49013K [0x000000008a000000, 0x0000000100000000)
  region size 1024K, 2 young (2048K), 2 survivors (2048K)
 Metaspace       used 61034K, committed 61312K, reserved 1114112K
  class space    used 7126K, committed 7232K, reserved 1048576K
}
Event: 22.587 GC heap before
{Heap before GC invocations=29 (full 0):
 garbage-first heap   total 81920K, used 51061K [0x000000008a000000, 0x0000000100000000)
  region size 1024K, 4 young (4096K), 2 survivors (2048K)
 Metaspace       used 61084K, committed 61312K, reserved 1114112K
  class space    used 7129K, committed 7232K, reserved 1048576K
}
Event: 22.595 GC heap after
{Heap after GC invocations=30 (full 0):
 garbage-first heap   total 81920K, used 49315K [0x000000008a000000, 0x0000000100000000)
  region size 1024K, 1 young (1024K), 1 survivors (1024K)
 Metaspace       used 61084K, committed 61312K, reserved 1114112K
  class space    used 7129K, committed 7232K, reserved 1048576K
}
Event: 24.566 GC heap before
{Heap before GC invocations=30 (full 0):
 garbage-first heap   total 81920K, used 67747K [0x000000008a000000, 0x0000000100000000)
  region size 1024K, 18 young (18432K), 1 survivors (1024K)
 Metaspace       used 61546K, committed 61760K, reserved 1114112K
  class space    used 7140K, committed 7232K, reserved 1048576K
}

