# JRE version: OpenJDK Runtime Environment (17.0.9) (build 17.0.9+0--11185874)
# Java VM: OpenJDK 64-Bit Server VM (17.0.9+0--11185874, mixed mode, tiered, compressed oops, compressed class ptrs, g1 gc, windows-amd64)
GC Precious Log:
 CPUs: 16 total, 16 available
 Memory: 7549M
 Large Page Support: Disabled
 NUMA Support: Disabled
 Compressed Oops: Enabled (32-bit)
 Heap Region Size: 1M
 Heap Min Capacity: 8M
 Heap Initial Capacity: 118M
 Heap Max Capacity: 1888M
 Pre-touch: Disabled
 Parallel Workers: 13
 Concurrent Workers: 3
 Concurrent Refinement Workers: 13
 Periodic GC: Disabled
Heap:
 garbage-first heap   total 242688K, used 84235K [0x000000008a000000, 0x0000000100000000)
  region size 1024K, 5 young (5120K), 5 survivors (5120K)
 Metaspace       used 66223K, committed 66432K, reserved 1114112K
  class space    used 7400K, committed 7488K, reserved 1048576K
GC Heap History (20 events):
Event: 25.938 GC heap after
{Heap after GC invocations=23 (full 0):
 garbage-first heap   total 110592K, used 64461K [0x000000008a000000, 0x0000000100000000)
  region size 1024K, 4 young (4096K), 4 survivors (4096K)
 Metaspace       used 60886K, committed 61120K, reserved 1114112K
  class space    used 6979K, committed 7104K, reserved 1048576K
}
Event: 26.531 GC heap before
{Heap before GC invocations=24 (full 0):
 garbage-first heap   total 114688K, used 88013K [0x000000008a000000, 0x0000000100000000)
  region size 1024K, 27 young (27648K), 4 survivors (4096K)
 Metaspace       used 61613K, committed 61888K, reserved 1114112K
  class space    used 7039K, committed 7168K, reserved 1048576K
}
Event: 26.549 GC heap after
{Heap after GC invocations=25 (full 0):
 garbage-first heap   total 114688K, used 68263K [0x000000008a000000, 0x0000000100000000)
  region size 1024K, 4 young (4096K), 4 survivors (4096K)
 Metaspace       used 61613K, committed 61888K, reserved 1114112K
  class space    used 7039K, committed 7168K, reserved 1048576K
}
Event: 26.558 GC heap before
{Heap before GC invocations=25 (full 0):
 garbage-first heap   total 114688K, used 70311K [0x000000008a000000, 0x0000000100000000)
  region size 1024K, 5 young (5120K), 4 survivors (4096K)
 Metaspace       used 61619K, committed 61888K, reserved 1114112K
  class space    used 7040K, committed 7168K, reserved 1048576K
}
Event: 26.569 GC heap after
{Heap after GC invocations=26 (full 0):
 garbage-first heap   total 114688K, used 69634K [0x000000008a000000, 0x0000000100000000)
  region size 1024K, 1 young (1024K), 1 survivors (1024K)
 Metaspace       used 61619K, committed 61888K, reserved 1114112K
  class space    used 7040K, committed 7168K, reserved 1048576K
}
Event: 27.084 GC heap before
{Heap before GC invocations=26 (full 0):
 garbage-first heap   total 114688K, used 91138K [0x000000008a000000, 0x0000000100000000)
  region size 1024K, 22 young (22528K), 1 survivors (1024K)
 Metaspace       used 62280K, committed 62528K, reserved 1114112K
  class space    used 7094K, committed 7232K, reserved 1048576K
}
Event: 27.096 GC heap after
{Heap after GC invocations=27 (full 0):
 garbage-first heap   total 289792K, used 71680K [0x000000008a000000, 0x0000000100000000)
  region size 1024K, 3 young (3072K), 3 survivors (3072K)
 Metaspace       used 62280K, committed 62528K, reserved 1114112K
  class space    used 7094K, committed 7232K, reserved 1048576K
}
Event: 30.705 GC heap before
{Heap before GC invocations=28 (full 0):
 garbage-first heap   total 242688K, used 206848K [0x000000008a000000, 0x0000000100000000)
  region size 1024K, 135 young (138240K), 3 survivors (3072K)
 Metaspace       used 65778K, committed 66048K, reserved 1114112K
  class space    used 7386K, committed 7488K, reserved 1048576K
}
Event: 30.726 GC heap after
{Heap after GC invocations=29 (full 0):
 garbage-first heap   total 242688K, used 79751K [0x000000008a000000, 0x0000000100000000)
  region size 1024K, 11 young (11264K), 11 survivors (11264K)
 Metaspace       used 65778K, committed 66048K, reserved 1114112K
  class space    used 7386K, committed 7488K, reserved 1048576K
}
Event: 30.736 GC heap before
{Heap before GC invocations=29 (full 0):
 garbage-first heap   total 242688K, used 80775K [0x000000008a000000, 0x0000000100000000)
  region size 1024K, 12 young (12288K), 11 survivors (11264K)
 Metaspace       used 65784K, committed 66048K, reserved 1114112K
  class space    used 7386K, committed 7488K, reserved 1048576K
}
Event: 30.772 GC heap after
{Heap after GC invocations=30 (full 0):
 garbage-first heap   total 242688K, used 80839K [0x000000008a000000, 0x0000000100000000)
  region size 1024K, 2 young (2048K), 2 survivors (2048K)
 Metaspace       used 65784K, committed 66048K, reserved 1114112K
  class space    used 7386K, committed 7488K, reserved 1048576K
}
Event: 33.434 GC heap before
{Heap before GC invocations=30 (full 0):
 garbage-first heap   total 242688K, used 187335K [0x000000008a000000, 0x0000000100000000)
  region size 1024K, 106 young (108544K), 2 survivors (2048K)
 Metaspace       used 66205K, committed 66432K, reserved 1114112K
  class space    used 7400K, committed 7488K, reserved 1048576K
}
Event: 33.455 GC heap after
{Heap after GC invocations=31 (full 0):
 garbage-first heap   total 242688K, used 84139K [0x000000008a000000, 0x0000000100000000)
  region size 1024K, 5 young (5120K), 5 survivors (5120K)
 Metaspace       used 66205K, committed 66432K, reserved 1114112K
  class space    used 7400K, committed 7488K, reserved 1048576K
}
Event: 33.574 GC heap before
{Heap before GC invocations=31 (full 0):
 garbage-first heap   total 242688K, used 190635K [0x000000008a000000, 0x0000000100000000)
  region size 1024K, 109 young (111616K), 5 survivors (5120K)
 Metaspace       used 66205K, committed 66432K, reserved 1114112K
  class space    used 7400K, committed 7488K, reserved 1048576K
}
Event: 33.578 GC heap after
{Heap after GC invocations=32 (full 0):
 garbage-first heap   total 242688K, used 84235K [0x000000008a000000, 0x0000000100000000)
  region size 1024K, 5 young (5120K), 5 survivors (5120K)
 Metaspace       used 66205K, committed 66432K, reserved 1114112K
  class space    used 7400K, committed 7488K, reserved 1048576K
}
Event: 33.678 GC heap before
{Heap before GC invocations=32 (full 0):
 garbage-first heap   total 242688K, used 197899K [0x000000008a000000, 0x0000000100000000)
  region size 1024K, 116 young (118784K), 5 survivors (5120K)
 Metaspace       used 66207K, committed 66432K, reserved 1114112K
  class space    used 7400K, committed 7488K, reserved 1048576K
}
Event: 33.684 GC heap after
{Heap after GC invocations=33 (full 0):
 garbage-first heap   total 242688K, used 84235K [0x000000008a000000, 0x0000000100000000)
  region size 1024K, 5 young (5120K), 5 survivors (5120K)
 Metaspace       used 66207K, committed 66432K, reserved 1114112K
  class space    used 7400K, committed 7488K, reserved 1048576K
}
Event: 33.814 GC heap before
{Heap before GC invocations=33 (full 0):
 garbage-first heap   total 242688K, used 200971K [0x000000008a000000, 0x0000000100000000)
  region size 1024K, 119 young (121856K), 5 survivors (5120K)
 Metaspace       used 66217K, committed 66432K, reserved 1114112K
  class space    used 7400K, committed 7488K, reserved 1048576K
}
Event: 33.819 GC heap after
{Heap after GC invocations=34 (full 0):
 garbage-first heap   total 242688K, used 84429K [0x000000008a000000, 0x0000000100000000)
  region size 1024K, 6 young (6144K), 6 survivors (6144K)
 Metaspace       used 66217K, committed 66432K, reserved 1114112K
  class space    used 7400K, committed 7488K, reserved 1048576K
}
Event: 34.027 GC heap before
{Heap before GC invocations=34 (full 0):
 garbage-first heap   total 242688K, used 203213K [0x000000008a000000, 0x0000000100000000)
  region size 1024K, 122 young (124928K), 6 survivors (6144K)
 Metaspace       used 66223K, committed 66432K, reserved 1114112K
  class space    used 7400K, committed 7488K, reserved 1048576K
}

