# JRE version: OpenJDK Runtime Environment (17.0.9) (build 17.0.9+0--11185874)
# Java VM: OpenJDK 64-Bit Server VM (17.0.9+0--11185874, mixed mode, tiered, compressed oops, compressed class ptrs, g1 gc, windows-amd64)
GC Precious Log:
 CPUs: 16 total, 16 available
 Memory: 7549M
 Large Page Support: Disabled
 NUMA Support: Disabled
 Compressed Oops: Enabled (32-bit)
 Heap Region Size: 1M
 Heap Min Capacity: 8M
 Heap Initial Capacity: 118M
 Heap Max Capacity: 1888M
 Pre-touch: Disabled
 Parallel Workers: 13
 Concurrent Workers: 3
 Concurrent Refinement Workers: 13
 Periodic GC: Disabled
Heap:
 garbage-first heap   total 71680K, used 31690K [0x000000008a000000, 0x0000000100000000)
  region size 1024K, 2 young (2048K), 2 survivors (2048K)
 Metaspace       used 49340K, committed 49600K, reserved 1114112K
  class space    used 5955K, committed 6080K, reserved 1048576K
GC Heap History (20 events):
Event: 1.306 GC heap after
{Heap after GC invocations=2 (full 0):
 garbage-first heap   total 120832K, used 7946K [0x000000008a000000, 0x0000000100000000)
  region size 1024K, 2 young (2048K), 2 survivors (2048K)
 Metaspace       used 21345K, committed 21504K, reserved 1114112K
  class space    used 2396K, committed 2496K, reserved 1048576K
}
Event: 1.648 GC heap before
{Heap before GC invocations=3 (full 0):
 garbage-first heap   total 34816K, used 28426K [0x000000008a000000, 0x0000000100000000)
  region size 1024K, 20 young (20480K), 2 survivors (2048K)
 Metaspace       used 22997K, committed 23232K, reserved 1114112K
  class space    used 2781K, committed 2880K, reserved 1048576K
}
Event: 1.668 GC heap after
{Heap after GC invocations=4 (full 0):
 garbage-first heap   total 35840K, used 14126K [0x000000008a000000, 0x0000000100000000)
  region size 1024K, 3 young (3072K), 3 survivors (3072K)
 Metaspace       used 22997K, committed 23232K, reserved 1114112K
  class space    used 2781K, committed 2880K, reserved 1048576K
}
Event: 1.684 GC heap before
{Heap before GC invocations=4 (full 0):
 garbage-first heap   total 35840K, used 15150K [0x000000008a000000, 0x0000000100000000)
  region size 1024K, 4 young (4096K), 3 survivors (3072K)
 Metaspace       used 22997K, committed 23232K, reserved 1114112K
  class space    used 2781K, committed 2880K, reserved 1048576K
}
Event: 1.694 GC heap after
{Heap after GC invocations=5 (full 0):
 garbage-first heap   total 35840K, used 15240K [0x000000008a000000, 0x0000000100000000)
  region size 1024K, 1 young (1024K), 1 survivors (1024K)
 Metaspace       used 22997K, committed 23232K, reserved 1114112K
  class space    used 2781K, committed 2880K, reserved 1048576K
}
Event: 2.233 GC heap before
{Heap before GC invocations=5 (full 0):
 garbage-first heap   total 35840K, used 25480K [0x000000008a000000, 0x0000000100000000)
  region size 1024K, 11 young (11264K), 1 survivors (1024K)
 Metaspace       used 26238K, committed 26432K, reserved 1114112K
  class space    used 3353K, committed 3456K, reserved 1048576K
}
Event: 2.237 GC heap after
{Heap after GC invocations=6 (full 0):
 garbage-first heap   total 35840K, used 15956K [0x000000008a000000, 0x0000000100000000)
  region size 1024K, 2 young (2048K), 2 survivors (2048K)
 Metaspace       used 26238K, committed 26432K, reserved 1114112K
  class space    used 3353K, committed 3456K, reserved 1048576K
}
Event: 2.545 GC heap before
{Heap before GC invocations=6 (full 0):
 garbage-first heap   total 35840K, used 26196K [0x000000008a000000, 0x0000000100000000)
  region size 1024K, 12 young (12288K), 2 survivors (2048K)
 Metaspace       used 28516K, committed 28672K, reserved 1114112K
  class space    used 3589K, committed 3648K, reserved 1048576K
}
Event: 2.553 GC heap after
{Heap after GC invocations=7 (full 0):
 garbage-first heap   total 35840K, used 15246K [0x000000008a000000, 0x0000000100000000)
  region size 1024K, 2 young (2048K), 2 survivors (2048K)
 Metaspace       used 28516K, committed 28672K, reserved 1114112K
  class space    used 3589K, committed 3648K, reserved 1048576K
}
Event: 2.982 GC heap before
{Heap before GC invocations=7 (full 0):
 garbage-first heap   total 35840K, used 26510K [0x000000008a000000, 0x0000000100000000)
  region size 1024K, 13 young (13312K), 2 survivors (2048K)
 Metaspace       used 30904K, committed 31104K, reserved 1114112K
  class space    used 3860K, committed 3904K, reserved 1048576K
}
Event: 2.988 GC heap after
{Heap after GC invocations=8 (full 0):
 garbage-first heap   total 35840K, used 16703K [0x000000008a000000, 0x0000000100000000)
  region size 1024K, 2 young (2048K), 2 survivors (2048K)
 Metaspace       used 30904K, committed 31104K, reserved 1114112K
  class space    used 3860K, committed 3904K, reserved 1048576K
}
Event: 3.269 GC heap before
{Heap before GC invocations=8 (full 0):
 garbage-first heap   total 35840K, used 24895K [0x000000008a000000, 0x0000000100000000)
  region size 1024K, 11 young (11264K), 2 survivors (2048K)
 Metaspace       used 32623K, committed 32896K, reserved 1114112K
  class space    used 4023K, committed 4160K, reserved 1048576K
}
Event: 3.275 GC heap after
{Heap after GC invocations=9 (full 0):
 garbage-first heap   total 72704K, used 17714K [0x000000008a000000, 0x0000000100000000)
  region size 1024K, 2 young (2048K), 2 survivors (2048K)
 Metaspace       used 32623K, committed 32896K, reserved 1114112K
  class space    used 4023K, committed 4160K, reserved 1048576K
}
Event: 3.679 GC heap before
{Heap before GC invocations=9 (full 0):
 garbage-first heap   total 72704K, used 33074K [0x000000008a000000, 0x0000000100000000)
  region size 1024K, 18 young (18432K), 2 survivors (2048K)
 Metaspace       used 35782K, committed 35968K, reserved 1114112K
  class space    used 4306K, committed 4416K, reserved 1048576K
}
Event: 3.687 GC heap after
{Heap after GC invocations=10 (full 0):
 garbage-first heap   total 72704K, used 18835K [0x000000008a000000, 0x0000000100000000)
  region size 1024K, 3 young (3072K), 3 survivors (3072K)
 Metaspace       used 35782K, committed 35968K, reserved 1114112K
  class space    used 4306K, committed 4416K, reserved 1048576K
}
Event: 5.149 GC heap before
{Heap before GC invocations=11 (full 0):
 garbage-first heap   total 71680K, used 53651K [0x000000008a000000, 0x0000000100000000)
  region size 1024K, 35 young (35840K), 3 survivors (3072K)
 Metaspace       used 42282K, committed 42496K, reserved 1114112K
  class space    used 5032K, committed 5120K, reserved 1048576K
}
Event: 5.169 GC heap after
{Heap after GC invocations=12 (full 0):
 garbage-first heap   total 71680K, used 25679K [0x000000008a000000, 0x0000000100000000)
  region size 1024K, 5 young (5120K), 5 survivors (5120K)
 Metaspace       used 42282K, committed 42496K, reserved 1114112K
  class space    used 5032K, committed 5120K, reserved 1048576K
}
Event: 7.013 GC heap before
{Heap before GC invocations=12 (full 0):
 garbage-first heap   total 71680K, used 49231K [0x000000008a000000, 0x0000000100000000)
  region size 1024K, 29 young (29696K), 5 survivors (5120K)
 Metaspace       used 48321K, committed 48576K, reserved 1114112K
  class space    used 5840K, committed 5952K, reserved 1048576K
}
Event: 7.033 GC heap after
{Heap after GC invocations=13 (full 0):
 garbage-first heap   total 71680K, used 29675K [0x000000008a000000, 0x0000000100000000)
  region size 1024K, 4 young (4096K), 4 survivors (4096K)
 Metaspace       used 48321K, committed 48576K, reserved 1114112K
  class space    used 5840K, committed 5952K, reserved 1048576K
}
Event: 9.449 GC heap before
{Heap before GC invocations=13 (full 0):
 garbage-first heap   total 71680K, used 54251K [0x000000008a000000, 0x0000000100000000)
  region size 1024K, 27 young (27648K), 4 survivors (4096K)
 Metaspace       used 49340K, committed 49600K, reserved 1114112K
  class space    used 5955K, committed 6080K, reserved 1048576K
}

